2023-05-26 17:53:20 +0000  Initial pipeline context: <IDEDistributionProcessingPipelineContext: 0xa907e3f00; archive(resolved)="<IDEArchive: 0x60002c5499e0>", distributionTask(resolved)="2", distributionDestination(resolved)="1", distributionMethod(resolved)="<IDEDistributionMethodDevelopmentSigned: 0x60001a38a510>", team(resolved)="<IDEProvisioningDisambiguatableBasicTeam: 0x6000034dd880; teamID='D89MCXTTT7', teamName='Christopher Knapp', teamType='Individual', username='chrisknapp@live.de', isFreeProvisioningTeam='0'>">
	Chain (14, self inclusive):
	<IDEDistributionProcessingPipelineContext: 0xa907e3f00; archive = "<IDEArchive: 0x60002c5499e0>", distributionMethod="<IDEDistributionMethodDevelopmentSigned: 0x60001a38a510>", team="<IDEProvisioningDisambiguatableBasicTeam: 0x6000034dd880; teamID='D89MCXTTT7', teamName='Christopher Knapp', teamType='Individual', username='chrisknapp@live.de', isFreeProvisioningTeam='0'>">
	<IDEDistributionProcessingPipelineContext: 0x2c7659a10; archive = "<IDEArchive: 0x60002c5499e0>", distributionMethod="<IDEDistributionMethodDevelopmentSigned: 0x60001a38a510>", team="<IDEProvisioningDisambiguatableBasicTeam: 0x6000034dd880; teamID='D89MCXTTT7', teamName='Christopher Knapp', teamType='Individual', username='chrisknapp@live.de', isFreeProvisioningTeam='0'>">
	<IDEDistributionContext: 0x54567c590; archive = "<IDEArchive: 0x60002c5499e0>", distributionMethod="<IDEDistributionMethodDevelopmentSigned: 0x60001a38a510>", team="<IDEProvisioningDisambiguatableBasicTeam: 0x6000034dd880; teamID='D89MCXTTT7', teamName='Christopher Knapp', teamType='Individual', username='chrisknapp@live.de', isFreeProvisioningTeam='0'>">
	<IDEDistributionContext: 0x470a9e4c0; archive = "<IDEArchive: 0x60002c5499e0>", distributionMethod="<IDEDistributionMethodDevelopmentSigned: 0x60001a38a510>", team="<IDEProvisioningDisambiguatableBasicTeam: 0x6000034dd880; teamID='D89MCXTTT7', teamName='Christopher Knapp', teamType='Individual', username='chrisknapp@live.de', isFreeProvisioningTeam='0'>">
	<IDEDistributionContext: 0x6f303c2f0; archive = "<IDEArchive: 0x60002c5499e0>", distributionMethod="<IDEDistributionMethodDevelopmentSigned: 0x60001a38a510>", team="<IDEProvisioningDisambiguatableBasicTeam: 0x6000034dd880; teamID='D89MCXTTT7', teamName='Christopher Knapp', teamType='Individual', username='chrisknapp@live.de', isFreeProvisioningTeam='0'>">
	<IDEDistributionContext: 0x6f3055ca0; archive = "<IDEArchive: 0x60002c5499e0>", distributionMethod="<IDEDistributionMethodDevelopmentSigned: 0x60001a38a510>", team="<IDEProvisioningDisambiguatableBasicTeam: 0x6000034dd880; teamID='D89MCXTTT7', teamName='Christopher Knapp', teamType='Individual', username='chrisknapp@live.de', isFreeProvisioningTeam='0'>">
	<IDEDistributionContext: 0xfbddf1850; archive = "<IDEArchive: 0x60002c5499e0>", distributionMethod="<IDEDistributionMethodDevelopmentSigned: 0x60001a38a510>", team="<IDEProvisioningDisambiguatableBasicTeam: 0x6000034dd880; teamID='D89MCXTTT7', teamName='Christopher Knapp', teamType='Individual', username='chrisknapp@live.de', isFreeProvisioningTeam='0'>">
	<IDEDistributionContext: 0x2ca305750; archive = "<IDEArchive: 0x60002c5499e0>", distributionMethod="<IDEDistributionMethodDevelopmentSigned: 0x60001a38a510>", team="<IDEProvisioningDisambiguatableBasicTeam: 0x6000034dd880; teamID='D89MCXTTT7', teamName='Christopher Knapp', teamType='Individual', username='chrisknapp@live.de', isFreeProvisioningTeam='0'>">
	<IDEDistributionContext: 0x63fd17f30; archive = "<IDEArchive: 0x60002c5499e0>", distributionMethod="<IDEDistributionMethodDevelopmentSigned: 0x60001a38a510>", team="<IDEProvisioningDisambiguatableBasicTeam: 0x6000034dd880; teamID='D89MCXTTT7', teamName='Christopher Knapp', teamType='Individual', username='chrisknapp@live.de', isFreeProvisioningTeam='0'>">
	<IDEDistributionContext: 0x2c412b950; archive = "<IDEArchive: 0x60002c5499e0>", distributionMethod="<IDEDistributionMethodDevelopmentSigned: 0x60001a38a510>", team="(null)">
	<IDEDistributionContext: 0x7bf6fed00; archive = "<IDEArchive: 0x60002c5499e0>", distributionMethod="<IDEDistributionMethodDevelopmentSigned: 0x60001a38a510>", team="(null)">
	<IDEDistributionContext: 0xfbddef170; archive = "<IDEArchive: 0x60002c5499e0>", distributionMethod="<IDEDistributionMethodDevelopmentSigned: 0x60001a38a510>", team="(null)">
	<IDEDistributionContext: 0xa91652080; archive = "<IDEArchive: 0x60002c5499e0>", distributionMethod="<IDEDistributionMethodDevelopmentSigned: 0x60001a38a510>", team="(null)">
	<IDEDistributionContext: 0x4eea50e40; archive = "<IDEArchive: 0x60002c5499e0>", distributionMethod="(null)", team="(null)">
</IDEDistributionProcessingPipelineContext: 0xa907e3f00>
2023-05-26 17:53:20 +0000  Processing step: IDEDistributionCreateDestRootStep
2023-05-26 17:53:20 +0000  Processing step: IDEDistributionCopyItemStep
2023-05-26 17:53:20 +0000  Running /usr/bin/ditto '-V' '/Users/christopherknapp/Library/Developer/Xcode/Archives/2023-05-26/CardGameAR 26.05.23, 19.50.xcarchive/Products/Applications/CardGameAR.app' '/var/folders/lx/vxsf4r_x70v9j9qfrbmj5gy00000gn/T/XcodeDistPipeline.~~~WrbJxH/Root/Payload/CardGameAR.app'
2023-05-26 17:53:20 +0000  >>> Copying /Users/christopherknapp/Library/Developer/Xcode/Archives/2023-05-26/CardGameAR 26.05.23, 19.50.xcarchive/Products/Applications/CardGameAR.app 
2023-05-26 17:53:20 +0000  copying file ./Playing_Card_Blue_S_A.usdz ... 
2023-05-26 17:53:20 +0000  471032 bytes for ./Playing_Card_Blue_S_A.usdz
2023-05-26 17:53:20 +0000  copying file ./_CodeSignature/CodeResources ... 
2023-05-26 17:53:20 +0000  16365 bytes for ./_CodeSignature/CodeResources
2023-05-26 17:53:20 +0000  copying file ./Playing_Card_Blue_D_Q.usdz ... 
2023-05-26 17:53:20 +0000  633051 bytes for ./Playing_Card_Blue_D_Q.usdz
2023-05-26 17:53:20 +0000  copying file ./Playing_Card_Blue_H_Q.usdz ... 
2023-05-26 17:53:20 +0000  608836 bytes for ./Playing_Card_Blue_H_Q.usdz
2023-05-26 17:53:20 +0000  copying file ./Playing_Cards_Standard.usdz ... 
2023-05-26 17:53:20 +0000  72188787 bytes for ./Playing_Cards_Standard.usdz
copying file ./CardGameAR ... 
2023-05-26 17:53:20 +0000  146448 bytes for ./CardGameAR
copying file ./Playing_Card_Blue_D_10.usdz ... 
2023-05-26 17:53:20 +0000  461517 bytes for ./Playing_Card_Blue_D_10.usdz
2023-05-26 17:53:20 +0000  copying file ./Playing_Card_Blue_H_3.usdz ... 
2023-05-26 17:53:20 +0000  417843 bytes for ./Playing_Card_Blue_H_3.usdz
2023-05-26 17:53:20 +0000  copying file ./Playing_Card_Blue_S_6.usdz ... 
2023-05-26 17:53:20 +0000  436884 bytes for ./Playing_Card_Blue_S_6.usdz
copying file ./Playing_Card_Blue_D_3.usdz ... 
2023-05-26 17:53:20 +0000  430988 bytes for ./Playing_Card_Blue_D_3.usdz
copying file ./Playing_Card_Blue_C_J.usdz ... 
2023-05-26 17:53:20 +0000  610506 bytes for ./Playing_Card_Blue_C_J.usdz
copying file ./Playing_Card_Blue_C_K.usdz ... 
2023-05-26 17:53:20 +0000  604362 bytes for ./Playing_Card_Blue_C_K.usdz
copying file ./Playing_Card_Blue_D_2.usdz ... 
2023-05-26 17:53:20 +0000  418151 bytes for ./Playing_Card_Blue_D_2.usdz
2023-05-26 17:53:20 +0000  copying file ./Playing_Card_Blue_H_2.usdz ... 
2023-05-26 17:53:20 +0000  416060 bytes for ./Playing_Card_Blue_H_2.usdz
copying file ./Playing_Card_Blue_S_7.usdz ... 
2023-05-26 17:53:20 +0000  457155 bytes for ./Playing_Card_Blue_S_7.usdz
copying file ./Playing_Card_Blue_H_5.usdz ... 
2023-05-26 17:53:20 +0000  440361 bytes for ./Playing_Card_Blue_H_5.usdz
copying file ./Playing_Card_Blue_S_K.usdz ... 
2023-05-26 17:53:20 +0000  595583 bytes for ./Playing_Card_Blue_S_K.usdz
copying file ./Playing_Card_Blue_D_5.usdz ... 
2023-05-26 17:53:20 +0000  435052 bytes for ./Playing_Card_Blue_D_5.usdz
copying file ./Playing_Card_Blue_C_7.usdz ... 
2023-05-26 17:53:20 +0000  444887 bytes for ./Playing_Card_Blue_C_7.usdz
2023-05-26 17:53:20 +0000  copying file ./Playing_Card_Blue_Joker_2.usdz ... 
2023-05-26 17:53:20 +0000  505202 bytes for ./Playing_Card_Blue_Joker_2.usdz
2023-05-26 17:53:20 +0000  copying file ./Playing_Card_Blue_H_9.usdz ... 
2023-05-26 17:53:20 +0000  465956 bytes for ./Playing_Card_Blue_H_9.usdz
2023-05-26 17:53:20 +0000  copying file ./Playing_Card_Blue_D_9.usdz ... 
2023-05-26 17:53:20 +0000  449876 bytes for ./Playing_Card_Blue_D_9.usdz
2023-05-26 17:53:20 +0000  copying file ./Playing_Card_Blue_C_A.usdz ... 
2023-05-26 17:53:20 +0000  406837 bytes for ./Playing_Card_Blue_C_A.usdz
2023-05-26 17:53:20 +0000  copying file ./Playing_Card_Blue_D_8.usdz ... 
2023-05-26 17:53:20 +0000  447790 bytes for ./Playing_Card_Blue_D_8.usdz
2023-05-26 17:53:20 +0000  copying file ./Playing_Card_Blue_H_8.usdz ... 
2023-05-26 17:53:20 +0000  456448 bytes for ./Playing_Card_Blue_H_8.usdz
2023-05-26 17:53:20 +0000  copying file ./Playing_Card_Blue_S_10.usdz ... 
2023-05-26 17:53:20 +0000  455193 bytes for ./Playing_Card_Blue_S_10.usdz
2023-05-26 17:53:20 +0000  copying file ./Playing_Card_Blue_C_6.usdz ... 
2023-05-26 17:53:20 +0000  452697 bytes for ./Playing_Card_Blue_C_6.usdz
2023-05-26 17:53:20 +0000  copying file ./Base.lproj/LaunchScreen.storyboardc/01J-lp-oVM-view-Ze5-6b-2t3.nib ... 
2023-05-26 17:53:20 +0000  1197 bytes for ./Base.lproj/LaunchScreen.storyboardc/01J-lp-oVM-view-Ze5-6b-2t3.nib
2023-05-26 17:53:20 +0000  copying file ./Base.lproj/LaunchScreen.storyboardc/UIViewController-01J-lp-oVM.nib ... 
2023-05-26 17:53:20 +0000  896 bytes for ./Base.lproj/LaunchScreen.storyboardc/UIViewController-01J-lp-oVM.nib
2023-05-26 17:53:20 +0000  copying file ./Base.lproj/LaunchScreen.storyboardc/Info.plist ... 
2023-05-26 17:53:20 +0000  258 bytes for ./Base.lproj/LaunchScreen.storyboardc/Info.plist
2023-05-26 17:53:20 +0000  copying file ./Playing_Card_Blue_D_4.usdz ... 
2023-05-26 17:53:20 +0000  426773 bytes for ./Playing_Card_Blue_D_4.usdz
2023-05-26 17:53:20 +0000  copying file ./Playing_Card_Blue_S_J.usdz ... 
2023-05-26 17:53:20 +0000  605307 bytes for ./Playing_Card_Blue_S_J.usdz
2023-05-26 17:53:20 +0000  copying file ./Playing_Card_Blue_H_4.usdz ... 
2023-05-26 17:53:20 +0000  430008 bytes for ./Playing_Card_Blue_H_4.usdz
2023-05-26 17:53:20 +0000  copying file ./Playing_Card_Blue_C_5.usdz ... 
2023-05-26 17:53:20 +0000  439697 bytes for ./Playing_Card_Blue_C_5.usdz
2023-05-26 17:53:20 +0000  copying file ./Playing_Card_Blue_D_7.usdz ... 
2023-05-26 17:53:20 +0000  444363 bytes for ./Playing_Card_Blue_D_7.usdz
2023-05-26 17:53:20 +0000  copying file ./Playing_Card_Blue_S_2.usdz ... 
2023-05-26 17:53:20 +0000  412879 bytes for ./Playing_Card_Blue_S_2.usdz
2023-05-26 17:53:20 +0000  copying file ./Playing_Card_Blue_H_7.usdz ... 
2023-05-26 17:53:20 +0000  444292 bytes for ./Playing_Card_Blue_H_7.usdz
2023-05-26 17:53:20 +0000  copying file ./Playing_Card_Blue_C_10.usdz ... 
2023-05-26 17:53:20 +0000  463776 bytes for ./Playing_Card_Blue_C_10.usdz
2023-05-26 17:53:20 +0000  copying file ./Playing_Card_Blue_C_9.usdz ... 
2023-05-26 17:53:20 +0000  458124 bytes for ./Playing_Card_Blue_C_9.usdz
2023-05-26 17:53:20 +0000  copying file ./Experience.reality ... 
2023-05-26 17:53:20 +0000  183909 bytes for ./Experience.reality
2023-05-26 17:53:20 +0000  copying file ./Playing_Card_Blue_H_A.usdz ... 
2023-05-26 17:53:20 +0000  413452 bytes for ./Playing_Card_Blue_H_A.usdz
2023-05-26 17:53:20 +0000  copying file ./Playing_Card_Blue_D_A.usdz ... 
2023-05-26 17:53:20 +0000  399346 bytes for ./Playing_Card_Blue_D_A.usdz
2023-05-26 17:53:20 +0000  copying file ./Playing_Card_Blue_C_8.usdz ... 
2023-05-26 17:53:20 +0000  454891 bytes for ./Playing_Card_Blue_C_8.usdz
2023-05-26 17:53:20 +0000  copying file ./Playing_Card_Blue_S_Q.usdz ... 
2023-05-26 17:53:20 +0000  633903 bytes for ./Playing_Card_Blue_S_Q.usdz
2023-05-26 17:53:20 +0000  copying file ./Playing_Card_Blue_S_3.usdz ... 
2023-05-26 17:53:20 +0000  421090 bytes for ./Playing_Card_Blue_S_3.usdz
2023-05-26 17:53:20 +0000  copying file ./Playing_Card_Blue_H_6.usdz ... 
2023-05-26 17:53:20 +0000  450392 bytes for ./Playing_Card_Blue_H_6.usdz
2023-05-26 17:53:20 +0000  copying file ./Playing_Card_Blue_D_6.usdz ... 
2023-05-26 17:53:20 +0000  430335 bytes for ./Playing_Card_Blue_D_6.usdz
2023-05-26 17:53:20 +0000  copying file ./Playing_Card_Blue_C_4.usdz ... 
2023-05-26 17:53:20 +0000  431449 bytes for ./Playing_Card_Blue_C_4.usdz
2023-05-26 17:53:20 +0000  copying file ./Playing_Card_Blue_Joker_1.usdz ... 
2023-05-26 17:53:20 +0000  505204 bytes for ./Playing_Card_Blue_Joker_1.usdz
2023-05-26 17:53:20 +0000  copying file ./Playing_Card_Blue_C_Q.usdz ... 
2023-05-26 17:53:20 +0000  615709 bytes for ./Playing_Card_Blue_C_Q.usdz
2023-05-26 17:53:20 +0000  copying file ./Playing_Card_Blue_S_8.usdz ... 
2023-05-26 17:53:20 +0000  449848 bytes for ./Playing_Card_Blue_S_8.usdz
2023-05-26 17:53:20 +0000  copying file ./Playing_Card_Blue_C_3.usdz ... 
2023-05-26 17:53:20 +0000  410152 bytes for ./Playing_Card_Blue_C_3.usdz
2023-05-26 17:53:20 +0000  copying file ./Playing_Card_Blue_D_J.usdz ... 
2023-05-26 17:53:20 +0000  620677 bytes for ./Playing_Card_Blue_D_J.usdz
2023-05-26 17:53:20 +0000  copying file ./Playing_Card_Blue_H_J.usdz ... 
2023-05-26 17:53:20 +0000  621317 bytes for ./Playing_Card_Blue_H_J.usdz
2023-05-26 17:53:20 +0000  copying file ./embedded.mobileprovision ... 
2023-05-26 17:53:20 +0000  18488 bytes for ./embedded.mobileprovision
2023-05-26 17:53:20 +0000  copying file ./Playing_Card_Blue_S_4.usdz ... 
2023-05-26 17:53:20 +0000  427211 bytes for ./Playing_Card_Blue_S_4.usdz
2023-05-26 17:53:20 +0000  copying file ./Playing_Card_Blue_S_5.usdz ... 
2023-05-26 17:53:20 +0000  425434 bytes for ./Playing_Card_Blue_S_5.usdz
2023-05-26 17:53:20 +0000  copying file ./Playing_Card_Blue_H_K.usdz ... 
2023-05-26 17:53:20 +0000  623446 bytes for ./Playing_Card_Blue_H_K.usdz
2023-05-26 17:53:20 +0000  copying file ./Playing_Card_Blue_H_10.usdz ... 
2023-05-26 17:53:20 +0000  473796 bytes for ./Playing_Card_Blue_H_10.usdz
2023-05-26 17:53:20 +0000  copying file ./Playing_Card_Blue_D_K.usdz ... 
2023-05-26 17:53:20 +0000  612456 bytes for ./Playing_Card_Blue_D_K.usdz
2023-05-26 17:53:20 +0000  copying file ./Playing_Card_Blue_C_2.usdz ... 
2023-05-26 17:53:20 +0000  410450 bytes for ./Playing_Card_Blue_C_2.usdz
2023-05-26 17:53:20 +0000  copying file ./Info.plist ... 
2023-05-26 17:53:20 +0000  1216 bytes for ./Info.plist
2023-05-26 17:53:20 +0000  copying file ./Playing_Card_Blue_S_9.usdz ... 
2023-05-26 17:53:20 +0000  454951 bytes for ./Playing_Card_Blue_S_9.usdz
2023-05-26 17:53:20 +0000  copying file ./PkgInfo ... 
2023-05-26 17:53:20 +0000  8 bytes for ./PkgInfo
2023-05-26 17:53:20 +0000  /usr/bin/ditto exited with 0
2023-05-26 17:53:20 +0000  Processing step: IDEDistributionEmbedProfileStep
2023-05-26 17:53:20 +0000  Processing step: IDEDistributionInfoPlistStep
2023-05-26 17:53:20 +0000  Skipping step: IDEDistributionInfoPlistStep because it said so
2023-05-26 17:53:20 +0000  Processing step: IDEDistributionAppThinningPlistStep
2023-05-26 17:53:20 +0000  Skipping step: IDEDistributionAppThinningPlistStep because it said so
2023-05-26 17:53:20 +0000  Processing step: IDEDistributionCompileBitcodeStep
2023-05-26 17:53:20 +0000  Skipping step: IDEDistributionCompileBitcodeStep because it said so
2023-05-26 17:53:20 +0000  Processing step: IDEDistributionCodeSlimmingStep
2023-05-26 17:53:20 +0000  Processing step: IDEDistributionCopyBCSymbolMapsStep
2023-05-26 17:53:20 +0000  Skipping step: IDEDistributionCopyBCSymbolMapsStep because it said so
2023-05-26 17:53:20 +0000  Processing step: IDEDistributionSymbolsStep
2023-05-26 17:53:20 +0000  Skipping step: IDEDistributionSymbolsStep because it said so
2023-05-26 17:53:20 +0000  Processing step: IDEDistributionAppThinningStep
2023-05-26 17:53:20 +0000  Skipping step: IDEDistributionAppThinningStep because it said so
2023-05-26 17:53:20 +0000  Processing step: IDEDistributionArchThinningStep
2023-05-26 17:53:20 +0000  Running /Applications/Xcode.app/Contents/Developer/Toolchains/XcodeDefault.xctoolchain/usr/bin/lipo '/var/folders/lx/vxsf4r_x70v9j9qfrbmj5gy00000gn/T/XcodeDistPipeline.~~~WrbJxH/Root/Payload/CardGameAR.app/CardGameAR' '-verify_arch' 'arm64e'
2023-05-26 17:53:20 +0000  /Applications/Xcode.app/Contents/Developer/Toolchains/XcodeDefault.xctoolchain/usr/bin/lipo exited with 1
2023-05-26 17:53:20 +0000  Skipping architecture thinning for item "CardGameAR" because arch "arm64e" wasn't found
2023-05-26 17:53:20 +0000  Processing step: IDEDistributionODRStep
2023-05-26 17:53:20 +0000  Processing step: IDEDistributionStripXattrsStep
2023-05-26 17:53:20 +0000  Running /usr/bin/xattr '-crs' '/var/folders/lx/vxsf4r_x70v9j9qfrbmj5gy00000gn/T/XcodeDistPipeline.~~~WrbJxH/Root/Payload/CardGameAR.app'
2023-05-26 17:53:20 +0000  /usr/bin/xattr exited with 0
2023-05-26 17:53:20 +0000  Processing step: IDEDistributionCodesignStep
2023-05-26 17:53:20 +0000  Entitlements for <IDEDistributionItem: 0x60002c524660; bundleID='de.htw-berlin.cardgame-ar', path='<DVTFilePath:0x600034803e90:'/Users/christopherknapp/Library/Developer/Xcode/Archives/2023-05-26/CardGameAR 26.05.23, 19.50.xcarchive/Products/Applications/CardGameAR.app'>', codeSigningInfo='<_DVTCodeSigningInformation_Path: 0x600038188140; isSigned='1', isAdHocSigned='0', signingCertificate='<DVTSigningCertificate: 0x6000116927e0; name='Apple Development: Christopher Knapp (5Z9593NUFJ)', hash='56AF336F9505672A4BEBCF50B31A206277D17CFA', serialNumber='69060A90915B6F9D35F5E4CD4AF2873A', certificateKinds='(
    "1.2.840.113635.100.6.1.12",
    "1.2.840.113635.100.6.1.2"
), issueDate='2022-12-17 18:57:57 +0000''>', entitlements='{
    "application-identifier" = "D89MCXTTT7.de.htw-berlin.cardgame-ar";
    "com.apple.developer.team-identifier" = D89MCXTTT7;
    "get-task-allow" = 1;
}', teamID='D89MCXTTT7', identifier='de.htw-berlin.cardgame-ar', executablePath='<DVTFilePath:0x600038add5e0:'/Users/christopherknapp/Library/Developer/Xcode/Archives/2023-05-26/CardGameAR 26.05.23, 19.50.xcarchive/Products/Applications/CardGameAR.app/CardGameAR'>', hardenedRuntime='0'>'>: {
    "application-identifier" = "D89MCXTTT7.de.htw-berlin.cardgame-ar";
    "com.apple.developer.team-identifier" = D89MCXTTT7;
    "get-task-allow" = 1;
}
2023-05-26 17:53:20 +0000  Entitlements for <IDEDistributionItem: 0x60002c524660; bundleID='de.htw-berlin.cardgame-ar', path='<DVTFilePath:0x600034803e90:'/Users/christopherknapp/Library/Developer/Xcode/Archives/2023-05-26/CardGameAR 26.05.23, 19.50.xcarchive/Products/Applications/CardGameAR.app'>', codeSigningInfo='<_DVTCodeSigningInformation_Path: 0x600038188140; isSigned='1', isAdHocSigned='0', signingCertificate='<DVTSigningCertificate: 0x60001169d290; name='Apple Development: Christopher Knapp (5Z9593NUFJ)', hash='56AF336F9505672A4BEBCF50B31A206277D17CFA', serialNumber='69060A90915B6F9D35F5E4CD4AF2873A', certificateKinds='(
    "1.2.840.113635.100.6.1.12",
    "1.2.840.113635.100.6.1.2"
), issueDate='2022-12-17 18:57:57 +0000''>', entitlements='{
    "application-identifier" = "D89MCXTTT7.de.htw-berlin.cardgame-ar";
    "com.apple.developer.team-identifier" = D89MCXTTT7;
    "get-task-allow" = 1;
}', teamID='D89MCXTTT7', identifier='de.htw-berlin.cardgame-ar', executablePath='<DVTFilePath:0x600038add5e0:'/Users/christopherknapp/Library/Developer/Xcode/Archives/2023-05-26/CardGameAR 26.05.23, 19.50.xcarchive/Products/Applications/CardGameAR.app/CardGameAR'>', hardenedRuntime='0'>'> are: {
    "application-identifier" = "D89MCXTTT7.de.htw-berlin.cardgame-ar";
    "com.apple.developer.team-identifier" = D89MCXTTT7;
    "get-task-allow" = 1;
}
2023-05-26 17:53:20 +0000  Writing entitlements for <IDEDistributionItem: 0x60002c524660; bundleID='de.htw-berlin.cardgame-ar', path='<DVTFilePath:0x600034803e90:'/Users/christopherknapp/Library/Developer/Xcode/Archives/2023-05-26/CardGameAR 26.05.23, 19.50.xcarchive/Products/Applications/CardGameAR.app'>', codeSigningInfo='<_DVTCodeSigningInformation_Path: 0x600038188140; isSigned='1', isAdHocSigned='0', signingCertificate='<DVTSigningCertificate: 0x60001169fa70; name='Apple Development: Christopher Knapp (5Z9593NUFJ)', hash='56AF336F9505672A4BEBCF50B31A206277D17CFA', serialNumber='69060A90915B6F9D35F5E4CD4AF2873A', certificateKinds='(
    "1.2.840.113635.100.6.1.12",
    "1.2.840.113635.100.6.1.2"
), issueDate='2022-12-17 18:57:57 +0000''>', entitlements='{
    "application-identifier" = "D89MCXTTT7.de.htw-berlin.cardgame-ar";
    "com.apple.developer.team-identifier" = D89MCXTTT7;
    "get-task-allow" = 1;
}', teamID='D89MCXTTT7', identifier='de.htw-berlin.cardgame-ar', executablePath='<DVTFilePath:0x600038add5e0:'/Users/christopherknapp/Library/Developer/Xcode/Archives/2023-05-26/CardGameAR 26.05.23, 19.50.xcarchive/Products/Applications/CardGameAR.app/CardGameAR'>', hardenedRuntime='0'>'> to: /var/folders/lx/vxsf4r_x70v9j9qfrbmj5gy00000gn/T/XcodeDistPipeline.~~~WrbJxH/entitlements~~~YpJZ1O
2023-05-26 17:53:20 +0000  Running /usr/bin/codesign '-vvv' '--force' '--sign' '56AF336F9505672A4BEBCF50B31A206277D17CFA' '--entitlements' '/var/folders/lx/vxsf4r_x70v9j9qfrbmj5gy00000gn/T/XcodeDistPipeline.~~~WrbJxH/entitlements~~~YpJZ1O' '--generate-entitlement-der' '--preserve-metadata=identifier,flags,runtime' '/var/folders/lx/vxsf4r_x70v9j9qfrbmj5gy00000gn/T/XcodeDistPipeline.~~~WrbJxH/Root/Payload/CardGameAR.app'
2023-05-26 17:53:20 +0000  /var/folders/lx/vxsf4r_x70v9j9qfrbmj5gy00000gn/T/XcodeDistPipeline.~~~WrbJxH/Root/Payload/CardGameAR.app: replacing existing signature
2023-05-26 17:53:20 +0000  /var/folders/lx/vxsf4r_x70v9j9qfrbmj5gy00000gn/T/XcodeDistPipeline.~~~WrbJxH/Root/Payload/CardGameAR.app: signed app bundle with Mach-O thin (arm64) [de.htw-berlin.cardgame-ar]
2023-05-26 17:53:20 +0000  /usr/bin/codesign exited with 0
2023-05-26 17:53:20 +0000  Processing step: IDEDistributionZipODRItemStep
2023-05-26 17:53:20 +0000  Skipping step: IDEDistributionZipODRItemStep because it said so
2023-05-26 17:53:20 +0000  Processing step: IDEDistributionCreateIPAStep
2023-05-26 17:53:20 +0000  Running /usr/bin/ditto '-V' '-c' '-k' '--norsrc' '/var/folders/lx/vxsf4r_x70v9j9qfrbmj5gy00000gn/T/XcodeDistPipeline.~~~WrbJxH/Root' '/var/folders/lx/vxsf4r_x70v9j9qfrbmj5gy00000gn/T/XcodeDistPipeline.~~~WrbJxH/Packages/CardGameAR.ipa'
2023-05-26 17:53:20 +0000  >>> Copying /var/folders/lx/vxsf4r_x70v9j9qfrbmj5gy00000gn/T/XcodeDistPipeline.~~~WrbJxH/Root 
2023-05-26 17:53:20 +0000  copying file ./Payload/CardGameAR.app/Playing_Card_Blue_S_A.usdz ... 
2023-05-26 17:53:20 +0000  471032 bytes for ./Payload/CardGameAR.app/Playing_Card_Blue_S_A.usdz
2023-05-26 17:53:20 +0000  copying file ./Payload/CardGameAR.app/_CodeSignature/CodeResources ... 
2023-05-26 17:53:20 +0000  16365 bytes for ./Payload/CardGameAR.app/_CodeSignature/CodeResources
2023-05-26 17:53:20 +0000  copying file ./Payload/CardGameAR.app/Playing_Card_Blue_D_Q.usdz ... 
2023-05-26 17:53:20 +0000  633051 bytes for ./Payload/CardGameAR.app/Playing_Card_Blue_D_Q.usdz
copying file ./Payload/CardGameAR.app/Playing_Card_Blue_H_Q.usdz ... 
2023-05-26 17:53:20 +0000  608836 bytes for ./Payload/CardGameAR.app/Playing_Card_Blue_H_Q.usdz
copying file ./Payload/CardGameAR.app/Playing_Cards_Standard.usdz ... 
2023-05-26 17:53:22 +0000  72188787 bytes for ./Payload/CardGameAR.app/Playing_Cards_Standard.usdz
copying file ./Payload/CardGameAR.app/CardGameAR ... 
2023-05-26 17:53:22 +0000  146448 bytes for ./Payload/CardGameAR.app/CardGameAR
copying file ./Payload/CardGameAR.app/Playing_Card_Blue_D_10.usdz ... 
2023-05-26 17:53:22 +0000  461517 bytes for ./Payload/CardGameAR.app/Playing_Card_Blue_D_10.usdz
copying file ./Payload/CardGameAR.app/Playing_Card_Blue_H_3.usdz ... 
2023-05-26 17:53:22 +0000  417843 bytes for ./Payload/CardGameAR.app/Playing_Card_Blue_H_3.usdz
copying file ./Payload/CardGameAR.app/Playing_Card_Blue_S_6.usdz ... 
2023-05-26 17:53:22 +0000  436884 bytes for ./Payload/CardGameAR.app/Playing_Card_Blue_S_6.usdz
copying file ./Payload/CardGameAR.app/Playing_Card_Blue_D_3.usdz ... 
2023-05-26 17:53:22 +0000  430988 bytes for ./Payload/CardGameAR.app/Playing_Card_Blue_D_3.usdz
copying file ./Payload/CardGameAR.app/Playing_Card_Blue_C_J.usdz ... 
2023-05-26 17:53:22 +0000  610506 bytes for ./Payload/CardGameAR.app/Playing_Card_Blue_C_J.usdz
copying file ./Payload/CardGameAR.app/Playing_Card_Blue_C_K.usdz ... 
2023-05-26 17:53:22 +0000  604362 bytes for ./Payload/CardGameAR.app/Playing_Card_Blue_C_K.usdz
copying file ./Payload/CardGameAR.app/Playing_Card_Blue_D_2.usdz ... 
2023-05-26 17:53:22 +0000  418151 bytes for ./Payload/CardGameAR.app/Playing_Card_Blue_D_2.usdz
copying file ./Payload/CardGameAR.app/Playing_Card_Blue_H_2.usdz ... 
2023-05-26 17:53:22 +0000  416060 bytes for ./Payload/CardGameAR.app/Playing_Card_Blue_H_2.usdz
2023-05-26 17:53:22 +0000  copying file ./Payload/CardGameAR.app/Playing_Card_Blue_S_7.usdz ... 
2023-05-26 17:53:22 +0000  457155 bytes for ./Payload/CardGameAR.app/Playing_Card_Blue_S_7.usdz
copying file ./Payload/CardGameAR.app/Playing_Card_Blue_H_5.usdz ... 
2023-05-26 17:53:22 +0000  440361 bytes for ./Payload/CardGameAR.app/Playing_Card_Blue_H_5.usdz
copying file ./Payload/CardGameAR.app/Playing_Card_Blue_S_K.usdz ... 
2023-05-26 17:53:22 +0000  595583 bytes for ./Payload/CardGameAR.app/Playing_Card_Blue_S_K.usdz
copying file ./Payload/CardGameAR.app/Playing_Card_Blue_D_5.usdz ... 
2023-05-26 17:53:22 +0000  435052 bytes for ./Payload/CardGameAR.app/Playing_Card_Blue_D_5.usdz
copying file ./Payload/CardGameAR.app/Playing_Card_Blue_C_7.usdz ... 
2023-05-26 17:53:22 +0000  444887 bytes for ./Payload/CardGameAR.app/Playing_Card_Blue_C_7.usdz
copying file ./Payload/CardGameAR.app/Playing_Card_Blue_Joker_2.usdz ... 
2023-05-26 17:53:22 +0000  505202 bytes for ./Payload/CardGameAR.app/Playing_Card_Blue_Joker_2.usdz
copying file ./Payload/CardGameAR.app/Playing_Card_Blue_H_9.usdz ... 
2023-05-26 17:53:22 +0000  465956 bytes for ./Payload/CardGameAR.app/Playing_Card_Blue_H_9.usdz
copying file ./Payload/CardGameAR.app/Playing_Card_Blue_D_9.usdz ... 
2023-05-26 17:53:22 +0000  449876 bytes for ./Payload/CardGameAR.app/Playing_Card_Blue_D_9.usdz
copying file ./Payload/CardGameAR.app/Playing_Card_Blue_C_A.usdz ... 
2023-05-26 17:53:22 +0000  406837 bytes for ./Payload/CardGameAR.app/Playing_Card_Blue_C_A.usdz
copying file ./Payload/CardGameAR.app/Playing_Card_Blue_D_8.usdz ... 
2023-05-26 17:53:22 +0000  447790 bytes for ./Payload/CardGameAR.app/Playing_Card_Blue_D_8.usdz
copying file ./Payload/CardGameAR.app/Playing_Card_Blue_H_8.usdz ... 
2023-05-26 17:53:22 +0000  456448 bytes for ./Payload/CardGameAR.app/Playing_Card_Blue_H_8.usdz
copying file ./Payload/CardGameAR.app/Playing_Card_Blue_S_10.usdz ... 
2023-05-26 17:53:22 +0000  455193 bytes for ./Payload/CardGameAR.app/Playing_Card_Blue_S_10.usdz
copying file ./Payload/CardGameAR.app/Playing_Card_Blue_C_6.usdz ... 
2023-05-26 17:53:22 +0000  452697 bytes for ./Payload/CardGameAR.app/Playing_Card_Blue_C_6.usdz
2023-05-26 17:53:22 +0000  copying file ./Payload/CardGameAR.app/Base.lproj/LaunchScreen.storyboardc/01J-lp-oVM-view-Ze5-6b-2t3.nib ... 
2023-05-26 17:53:22 +0000  1197 bytes for ./Payload/CardGameAR.app/Base.lproj/LaunchScreen.storyboardc/01J-lp-oVM-view-Ze5-6b-2t3.nib
2023-05-26 17:53:22 +0000  copying file ./Payload/CardGameAR.app/Base.lproj/LaunchScreen.storyboardc/UIViewController-01J-lp-oVM.nib ... 
2023-05-26 17:53:22 +0000  896 bytes for ./Payload/CardGameAR.app/Base.lproj/LaunchScreen.storyboardc/UIViewController-01J-lp-oVM.nib
copying file ./Payload/CardGameAR.app/Base.lproj/LaunchScreen.storyboardc/Info.plist ... 
2023-05-26 17:53:22 +0000  258 bytes for ./Payload/CardGameAR.app/Base.lproj/LaunchScreen.storyboardc/Info.plist
copying file ./Payload/CardGameAR.app/Playing_Card_Blue_D_4.usdz ... 
2023-05-26 17:53:22 +0000  426773 bytes for ./Payload/CardGameAR.app/Playing_Card_Blue_D_4.usdz
copying file ./Payload/CardGameAR.app/Playing_Card_Blue_S_J.usdz ... 
2023-05-26 17:53:22 +0000  605307 bytes for ./Payload/CardGameAR.app/Playing_Card_Blue_S_J.usdz
copying file ./Payload/CardGameAR.app/Playing_Card_Blue_H_4.usdz ... 
2023-05-26 17:53:22 +0000  430008 bytes for ./Payload/CardGameAR.app/Playing_Card_Blue_H_4.usdz
copying file ./Payload/CardGameAR.app/Playing_Card_Blue_C_5.usdz ... 
2023-05-26 17:53:22 +0000  439697 bytes for ./Payload/CardGameAR.app/Playing_Card_Blue_C_5.usdz
copying file ./Payload/CardGameAR.app/Playing_Card_Blue_D_7.usdz ... 
2023-05-26 17:53:22 +0000  444363 bytes for ./Payload/CardGameAR.app/Playing_Card_Blue_D_7.usdz
copying file ./Payload/CardGameAR.app/Playing_Card_Blue_S_2.usdz ... 
2023-05-26 17:53:22 +0000  412879 bytes for ./Payload/CardGameAR.app/Playing_Card_Blue_S_2.usdz
copying file ./Payload/CardGameAR.app/Playing_Card_Blue_H_7.usdz ... 
2023-05-26 17:53:22 +0000  444292 bytes for ./Payload/CardGameAR.app/Playing_Card_Blue_H_7.usdz
copying file ./Payload/CardGameAR.app/Playing_Card_Blue_C_10.usdz ... 
2023-05-26 17:53:22 +0000  463776 bytes for ./Payload/CardGameAR.app/Playing_Card_Blue_C_10.usdz
copying file ./Payload/CardGameAR.app/Playing_Card_Blue_C_9.usdz ... 
2023-05-26 17:53:22 +0000  458124 bytes for ./Payload/CardGameAR.app/Playing_Card_Blue_C_9.usdz
copying file ./Payload/CardGameAR.app/Experience.reality ... 
2023-05-26 17:53:22 +0000  183909 bytes for ./Payload/CardGameAR.app/Experience.reality
copying file ./Payload/CardGameAR.app/Playing_Card_Blue_H_A.usdz ... 
2023-05-26 17:53:22 +0000  413452 bytes for ./Payload/CardGameAR.app/Playing_Card_Blue_H_A.usdz
copying file ./Payload/CardGameAR.app/Playing_Card_Blue_D_A.usdz ... 
2023-05-26 17:53:22 +0000  399346 bytes for ./Payload/CardGameAR.app/Playing_Card_Blue_D_A.usdz
copying file ./Payload/CardGameAR.app/Playing_Card_Blue_C_8.usdz ... 
2023-05-26 17:53:22 +0000  454891 bytes for ./Payload/CardGameAR.app/Playing_Card_Blue_C_8.usdz
copying file ./Payload/CardGameAR.app/Playing_Card_Blue_S_Q.usdz ... 
2023-05-26 17:53:22 +0000  633903 bytes for ./Payload/CardGameAR.app/Playing_Card_Blue_S_Q.usdz
copying file ./Payload/CardGameAR.app/Playing_Card_Blue_S_3.usdz ... 
2023-05-26 17:53:22 +0000  421090 bytes for ./Payload/CardGameAR.app/Playing_Card_Blue_S_3.usdz
copying file ./Payload/CardGameAR.app/Playing_Card_Blue_H_6.usdz ... 
2023-05-26 17:53:22 +0000  450392 bytes for ./Payload/CardGameAR.app/Playing_Card_Blue_H_6.usdz
copying file ./Payload/CardGameAR.app/Playing_Card_Blue_D_6.usdz ... 
2023-05-26 17:53:22 +0000  430335 bytes for ./Payload/CardGameAR.app/Playing_Card_Blue_D_6.usdz
2023-05-26 17:53:22 +0000  copying file ./Payload/CardGameAR.app/Playing_Card_Blue_C_4.usdz ... 
2023-05-26 17:53:22 +0000  431449 bytes for ./Payload/CardGameAR.app/Playing_Card_Blue_C_4.usdz
copying file ./Payload/CardGameAR.app/Playing_Card_Blue_Joker_1.usdz ... 
2023-05-26 17:53:22 +0000  505204 bytes for ./Payload/CardGameAR.app/Playing_Card_Blue_Joker_1.usdz
copying file ./Payload/CardGameAR.app/Playing_Card_Blue_C_Q.usdz ... 
2023-05-26 17:53:22 +0000  615709 bytes for ./Payload/CardGameAR.app/Playing_Card_Blue_C_Q.usdz
copying file ./Payload/CardGameAR.app/Playing_Card_Blue_S_8.usdz ... 
2023-05-26 17:53:22 +0000  449848 bytes for ./Payload/CardGameAR.app/Playing_Card_Blue_S_8.usdz
copying file ./Payload/CardGameAR.app/Playing_Card_Blue_C_3.usdz ... 
2023-05-26 17:53:22 +0000  410152 bytes for ./Payload/CardGameAR.app/Playing_Card_Blue_C_3.usdz
copying file ./Payload/CardGameAR.app/Playing_Card_Blue_D_J.usdz ... 
2023-05-26 17:53:22 +0000  620677 bytes for ./Payload/CardGameAR.app/Playing_Card_Blue_D_J.usdz
copying file ./Payload/CardGameAR.app/Playing_Card_Blue_H_J.usdz ... 
2023-05-26 17:53:22 +0000  621317 bytes for ./Payload/CardGameAR.app/Playing_Card_Blue_H_J.usdz
copying file ./Payload/CardGameAR.app/embedded.mobileprovision ... 
2023-05-26 17:53:22 +0000  24860 bytes for ./Payload/CardGameAR.app/embedded.mobileprovision
copying file ./Payload/CardGameAR.app/Playing_Card_Blue_S_4.usdz ... 
2023-05-26 17:53:22 +0000  427211 bytes for ./Payload/CardGameAR.app/Playing_Card_Blue_S_4.usdz
copying file ./Payload/CardGameAR.app/Playing_Card_Blue_S_5.usdz ... 
2023-05-26 17:53:22 +0000  425434 bytes for ./Payload/CardGameAR.app/Playing_Card_Blue_S_5.usdz
copying file ./Payload/CardGameAR.app/Playing_Card_Blue_H_K.usdz ... 
2023-05-26 17:53:22 +0000  623446 bytes for ./Payload/CardGameAR.app/Playing_Card_Blue_H_K.usdz
copying file ./Payload/CardGameAR.app/Playing_Card_Blue_H_10.usdz ... 
2023-05-26 17:53:22 +0000  473796 bytes for ./Payload/CardGameAR.app/Playing_Card_Blue_H_10.usdz
copying file ./Payload/CardGameAR.app/Playing_Card_Blue_D_K.usdz ... 
2023-05-26 17:53:22 +0000  612456 bytes for ./Payload/CardGameAR.app/Playing_Card_Blue_D_K.usdz
copying file ./Payload/CardGameAR.app/Playing_Card_Blue_C_2.usdz ... 
2023-05-26 17:53:22 +0000  410450 bytes for ./Payload/CardGameAR.app/Playing_Card_Blue_C_2.usdz
copying file ./Payload/CardGameAR.app/Info.plist ... 
2023-05-26 17:53:22 +0000  1216 bytes for ./Payload/CardGameAR.app/Info.plist
copying file ./Payload/CardGameAR.app/Playing_Card_Blue_S_9.usdz ... 
2023-05-26 17:53:22 +0000  454951 bytes for ./Payload/CardGameAR.app/Playing_Card_Blue_S_9.usdz
copying file ./Payload/CardGameAR.app/PkgInfo ... 
2023-05-26 17:53:22 +0000  8 bytes for ./Payload/CardGameAR.app/PkgInfo
2023-05-26 17:53:22 +0000  /usr/bin/ditto exited with 0
2023-05-26 17:53:22 +0000  Processing step: IDEDistributionAppStoreInformationStep
2023-05-26 17:53:22 +0000  Skipping step: IDEDistributionAppStoreInformationStep because it said so
2023-05-26 17:53:22 +0000  Processing step: IDEDistributionGenerateProcessedDistributionItems
2023-05-26 17:53:22 +0000  IDEDistributionItem init <DVTFilePath:0x600038ac4f50:'/var/folders/lx/vxsf4r_x70v9j9qfrbmj5gy00000gn/T/XcodeDistPipeline.~~~WrbJxH/Root/Payload/CardGameAR.app'>
2023-05-26 17:53:22 +0000  Processing step: IDEDistributionCreateManifestStep
